c:\users\igory\desktop\test\kursach1\kursach1\x64\debug\vc143.pdb
c:\users\igory\desktop\test\kursach1\kursach1\x64\debug\.netframework,version=v4.8.assemblyattributes.obj
c:\users\igory\desktop\test\kursach1\kursach1\x64\debug\myform.obj
c:\users\igory\desktop\test\kursach1\kursach1\x64\debug\deleteform.obj
c:\users\igory\desktop\test\kursach1\kursach1\x64\debug\add.obj
c:\users\igory\desktop\test\kursach1\x64\debug\kursach1.exe
c:\users\igory\desktop\test\kursach1\x64\debug\kursach1.pdb
c:\users\igory\desktop\test\kursach1\kursach1\x64\debug\myform1.obj
c:\users\igory\desktop\test\kursach1\kursach1\x64\debug\kursach1.tlog\cl.command.1.tlog
c:\users\igory\desktop\test\kursach1\kursach1\x64\debug\kursach1.tlog\cl.items.tlog
c:\users\igory\desktop\test\kursach1\kursach1\x64\debug\kursach1.tlog\cl.read.1.tlog
c:\users\igory\desktop\test\kursach1\kursach1\x64\debug\kursach1.tlog\cl.write.1.tlog
c:\users\igory\desktop\test\kursach1\kursach1\x64\debug\kursach1.tlog\link.command.1.tlog
c:\users\igory\desktop\test\kursach1\kursach1\x64\debug\kursach1.tlog\link.read.1.tlog
c:\users\igory\desktop\test\kursach1\kursach1\x64\debug\kursach1.tlog\link.write.1.tlog
c:\users\igory\desktop\test\kursach1\kursach1\x64\debug\kursach1.tlog\metagen.read.1.tlog
c:\users\igory\desktop\test\kursach1\kursach1\x64\debug\kursach1.tlog\metagen.write.1.tlog
c:\users\igory\desktop\test\kursach1\kursach1\x64\debug\kursach1.tlog\resgen.command.1.tlog
c:\users\igory\desktop\test\kursach1\kursach1\x64\debug\kursach1.tlog\resgen.read.1.tlog
c:\users\igory\desktop\test\kursach1\kursach1\x64\debug\kursach1.tlog\resgen.write.1.tlog
